[2013-06-17 18:34:52] application.INFO: > GET /api/v1/appeals/174802/docs4closing?callback=jQuery18204719867371022701_1371475003845&_=1371475013923 [] []
[2013-06-17 18:34:52] application.INFO: < 200 [] []
[2013-06-17 18:40:59] application.INFO: > GET /api/v1/appeals/174802/docs4closing?callback=jQuery18204719867371022701_1371475003845&_=1371475013923 [] []
[2013-06-17 18:40:59] application.INFO: < 200 [] []
[2013-06-17 18:41:34] application.INFO: > GET /api/v1/appeals/174802/docs4closing?callback=jQuery18204719867371022701_1371475003845&_=1371475013923 [] []
[2013-06-17 18:41:34] application.INFO: ddddddddddddddddddddddddddddd [] []
[2013-06-17 18:41:34] application.INFO: < 200 [] []
[2013-06-17 18:45:08] application.INFO: > GET /api/v1/appeals/174802/docs4closing?callback=jQuery18204719867371022701_1371475003845&_=1371475013923 [] []
[2013-06-17 18:47:36] application.INFO: > GET /api/v1/appeals/174802/docs4closing?callback=jQuery18204719867371022701_1371475003845&_=1371475013923 [] []
[2013-06-17 18:47:36] application.INFO: < 200 [] []
[2013-06-17 18:48:06] application.INFO: > GET /api/v1/appeals/174802/docs4closing?callback=jQuery18204719867371022701_1371475003845&_=1371475013923 [] []
[2013-06-17 18:48:42] application.INFO: > GET /api/v1/appeals/174802/docs4closing?callback=jQuery18204719867371022701_1371475003845&_=1371475013923 [] []
[2013-06-17 18:48:42] application.DEBUG: SELECT f.code,f.name FROM Event as e JOIN EventType as et ON e.eventType_id = et.id JOIN rbFinance as f ON et.finance_id = f.id WHERE e.id = ? LIMIT 1 {"params":[174802],"types":[]} []
[2013-06-17 18:48:42] application.DEBUG: SELECT ActionType.id FROM Action JOIN ActionType ON Action.actionType_id = ActionType.id WHERE Action.event_id = ? AND (ActionType.code = 4504 OR ActionType.code = 4507 OR ActionType.code = 4511) AND ActionType.mnem = 'EPI'  {"params":[174802],"types":[]} []
[2013-06-17 18:48:42] application.DEBUG: SELECT Action.id FROM Action JOIN ActionType ON Action.actionType_id = ActionType.id WHERE Action.event_id = ? AND ActionType.flatCode = 'leaved' AND ActionType.mnem = 'ORD'  {"params":[174802],"types":[]} []
[2013-06-17 18:48:42] application.DEBUG: SELECT Diagnostic.id FROM Diagnostic JOIN Diagnosis ON Diagnosis.id = Diagnostic.diagnosis_id JOIN MKB ON Diagnosis.MKB = MKB.DiagID WHERE Diagnostic.event_id = ? AND MKB.DiagId LIKE 'C%'  {"params":[174802],"types":[]} []
[2013-06-17 18:48:42] application.DEBUG: SELECT Action.id FROM Action  JOIN ActionType ON Action.actionType_id = ActionType.id  WHERE Action.event_id = ?  AND Action.endDate IS NULL {"params":[174802],"types":[]} []
[2013-06-17 18:48:42] application.INFO: < 200 [] []
[2013-06-17 18:49:05] application.INFO: > GET /api/v1/appeals/174802/docs4closing?callback=jQuery18204719867371022701_1371475003845&_=1371475013923 [] []
[2013-06-17 18:49:05] application.DEBUG: SELECT f.code,f.name FROM Event as e JOIN EventType as et ON e.eventType_id = et.id JOIN rbFinance as f ON et.finance_id = f.id WHERE e.id = ? LIMIT 1 {"params":[174802],"types":[]} []
[2013-06-17 18:49:05] application.DEBUG: SELECT ActionType.id FROM Action JOIN ActionType ON Action.actionType_id = ActionType.id WHERE Action.event_id = ? AND (ActionType.code = 4504 OR ActionType.code = 4507 OR ActionType.code = 4511) AND ActionType.mnem = 'EPI'  {"params":[174802],"types":[]} []
[2013-06-17 18:49:05] application.DEBUG: SELECT Action.id FROM Action JOIN ActionType ON Action.actionType_id = ActionType.id WHERE Action.event_id = ? AND ActionType.flatCode = 'leaved' AND ActionType.mnem = 'ORD'  {"params":[174802],"types":[]} []
[2013-06-17 18:49:05] application.DEBUG: SELECT Diagnostic.id FROM Diagnostic JOIN Diagnosis ON Diagnosis.id = Diagnostic.diagnosis_id JOIN MKB ON Diagnosis.MKB = MKB.DiagID WHERE Diagnostic.event_id = ? AND MKB.DiagId LIKE 'C%'  {"params":[174802],"types":[]} []
[2013-06-17 18:49:05] application.DEBUG: SELECT Action.id FROM Action  JOIN ActionType ON Action.actionType_id = ActionType.id  WHERE Action.event_id = ?  AND Action.endDate IS NULL {"params":[174802],"types":[]} []
[2013-06-17 18:49:05] application.INFO: < 200 [] []
[2013-06-17 18:50:55] application.INFO: > GET /api/v1/appeals/174802/docs4closing?callback=jQuery18204719867371022701_1371475003845&_=1371475013923 [] []
[2013-06-17 18:50:55] application.DEBUG: SELECT f.code,f.name FROM Event as e JOIN EventType as et ON e.eventType_id = et.id JOIN rbFinance as f ON et.finance_id = f.id WHERE e.id = ? LIMIT 1 {"params":[174802],"types":[]} []
[2013-06-17 18:50:55] application.DEBUG: SELECT ActionType.id FROM Action JOIN ActionType ON Action.actionType_id = ActionType.id WHERE Action.event_id = ? AND (ActionType.code = 4504 OR ActionType.code = 4507 OR ActionType.code = 4511) AND ActionType.mnem = 'EPI'  {"params":[174802],"types":[]} []
[2013-06-17 18:50:55] application.DEBUG: SELECT Action.id FROM Action JOIN ActionType ON Action.actionType_id = ActionType.id WHERE Action.event_id = ? AND ActionType.flatCode = 'leaved' AND ActionType.mnem = 'ORD'  {"params":[174802],"types":[]} []
[2013-06-17 18:50:55] application.DEBUG: SELECT Diagnostic.id FROM Diagnostic JOIN Diagnosis ON Diagnosis.id = Diagnostic.diagnosis_id JOIN MKB ON Diagnosis.MKB = MKB.DiagID WHERE Diagnostic.event_id = ? AND MKB.DiagId LIKE 'C%'  {"params":[174802],"types":[]} []
[2013-06-17 18:50:55] application.DEBUG: SELECT Action.id FROM Action  JOIN ActionType ON Action.actionType_id = ActionType.id  WHERE Action.event_id = ?  AND Action.endDate IS NULL {"params":[174802],"types":[]} []
[2013-06-17 18:50:55] application.INFO: < 200 [] []
[2013-06-17 18:51:56] application.INFO: > GET /api/v1/appeals/174802/docs4closing?callback=jQuery18204719867371022701_1371475003845&_=1371475013923 [] []
[2013-06-17 18:51:56] application.DEBUG: SELECT f.code,f.name FROM Event as e JOIN EventType as et ON e.eventType_id = et.id JOIN rbFinance as f ON et.finance_id = f.id WHERE e.id = ? LIMIT 1 {"params":[174802],"types":[]} []
[2013-06-17 18:51:56] application.DEBUG: SELECT ActionType.id FROM Action JOIN ActionType ON Action.actionType_id = ActionType.id WHERE Action.event_id = ? AND (ActionType.code = 4504 OR ActionType.code = 4507 OR ActionType.code = 4511) AND ActionType.mnem = 'EPI'  {"params":[174802],"types":[]} []
[2013-06-17 18:51:56] application.DEBUG: SELECT Action.id FROM Action JOIN ActionType ON Action.actionType_id = ActionType.id WHERE Action.event_id = ? AND ActionType.flatCode = 'leaved' AND ActionType.mnem = 'ORD'  {"params":[174802],"types":[]} []
[2013-06-17 18:51:56] application.DEBUG: SELECT Diagnostic.id FROM Diagnostic JOIN Diagnosis ON Diagnosis.id = Diagnostic.diagnosis_id JOIN MKB ON Diagnosis.MKB = MKB.DiagID WHERE Diagnostic.event_id = ? AND MKB.DiagId LIKE 'C%'  {"params":[174802],"types":[]} []
[2013-06-17 18:51:56] application.DEBUG: SELECT Action.id FROM Action  JOIN ActionType ON Action.actionType_id = ActionType.id  WHERE Action.event_id = ?  AND Action.endDate IS NULL {"params":[174802],"types":[]} []
[2013-06-17 18:51:56] application.INFO: < 200 [] []
[2013-06-17 19:02:45] application.INFO: > GET /api/v1/appeals/174802/docs4closing?callback=jQuery18204719867371022701_1371475003845&_=1371475013923 [] []
[2013-06-17 19:02:46] application.DEBUG: SELECT f.code,f.name FROM Event as e JOIN EventType as et ON e.eventType_id = et.id JOIN rbFinance as f ON et.finance_id = f.id WHERE e.id = ? LIMIT 1 {"params":[174802],"types":[]} []
[2013-06-17 19:02:46] application.DEBUG: SELECT ActionType.id FROM Action JOIN ActionType ON Action.actionType_id = ActionType.id WHERE Action.event_id = ? AND (ActionType.code = 4504 OR ActionType.code = 4507 OR ActionType.code = 4511) AND ActionType.mnem = 'EPI'  {"params":[174802],"types":[]} []
[2013-06-17 19:02:46] application.DEBUG: SELECT Action.id FROM Action JOIN ActionType ON Action.actionType_id = ActionType.id WHERE Action.event_id = ? AND ActionType.flatCode = 'leaved' AND ActionType.mnem = 'ORD'  {"params":[174802],"types":[]} []
[2013-06-17 19:02:46] application.DEBUG: SELECT Diagnostic.id FROM Diagnostic JOIN Diagnosis ON Diagnosis.id = Diagnostic.diagnosis_id JOIN MKB ON Diagnosis.MKB = MKB.DiagID WHERE Diagnostic.event_id = ? AND MKB.DiagId LIKE 'C%'  {"params":[174802],"types":[]} []
[2013-06-17 19:02:46] application.DEBUG: SELECT Action.id FROM Action  JOIN ActionType ON Action.actionType_id = ActionType.id  WHERE Action.event_id = ?  AND Action.endDate IS NULL {"params":[174802],"types":[]} []
[2013-06-17 19:02:46] application.INFO: < 200 [] []
[2013-06-17 19:04:48] application.INFO: > GET /api/v1/appeals/174802/docs4closing?callback=jQuery18204719867371022701_1371475003845&_=1371475013923 [] []
[2013-06-17 19:04:48] application.DEBUG: SELECT f.code,f.name FROM Event as e JOIN EventType as et ON e.eventType_id = et.id JOIN rbFinance as f ON et.finance_id = f.id WHERE e.id = ? LIMIT 1 {"params":[174802],"types":[]} []
[2013-06-17 19:04:48] application.DEBUG: SELECT ActionType.id FROM Action JOIN ActionType ON Action.actionType_id = ActionType.id WHERE Action.event_id = ? AND (ActionType.code = 4504 OR ActionType.code = 4507 OR ActionType.code = 4511) AND ActionType.mnem = 'EPI'  {"params":[174802],"types":[]} []
[2013-06-17 19:04:48] application.DEBUG: SELECT Action.id FROM Action JOIN ActionType ON Action.actionType_id = ActionType.id WHERE Action.event_id = ? AND ActionType.flatCode = 'leaved' AND ActionType.mnem = 'ORD'  {"params":[174802],"types":[]} []
[2013-06-17 19:04:48] application.DEBUG: SELECT Diagnostic.id FROM Diagnostic JOIN Diagnosis ON Diagnosis.id = Diagnostic.diagnosis_id JOIN MKB ON Diagnosis.MKB = MKB.DiagID WHERE Diagnostic.event_id = ? AND MKB.DiagId LIKE 'C%'  {"params":[174802],"types":[]} []
[2013-06-17 19:04:48] application.DEBUG: SELECT Action.id FROM Action  JOIN ActionType ON Action.actionType_id = ActionType.id  WHERE Action.event_id = ?  AND Action.endDate IS NULL {"params":[174802],"types":[]} []
[2013-06-17 19:05:07] application.INFO: > GET /api/v1/appeals/174802/docs4closing?callback=jQuery18204719867371022701_1371475003845&_=1371475013923 [] []
[2013-06-17 19:05:07] application.DEBUG: SELECT f.code,f.name FROM Event as e JOIN EventType as et ON e.eventType_id = et.id JOIN rbFinance as f ON et.finance_id = f.id WHERE e.id = ? LIMIT 1 {"params":[174802],"types":[]} []
[2013-06-17 19:05:07] application.DEBUG: SELECT ActionType.id FROM Action JOIN ActionType ON Action.actionType_id = ActionType.id WHERE Action.event_id = ? AND (ActionType.code = 4504 OR ActionType.code = 4507 OR ActionType.code = 4511) AND ActionType.mnem = 'EPI'  {"params":[174802],"types":[]} []
[2013-06-17 19:05:07] application.DEBUG: SELECT Action.id FROM Action JOIN ActionType ON Action.actionType_id = ActionType.id WHERE Action.event_id = ? AND ActionType.flatCode = 'leaved' AND ActionType.mnem = 'ORD'  {"params":[174802],"types":[]} []
[2013-06-17 19:05:07] application.DEBUG: SELECT Diagnostic.id FROM Diagnostic JOIN Diagnosis ON Diagnosis.id = Diagnostic.diagnosis_id JOIN MKB ON Diagnosis.MKB = MKB.DiagID WHERE Diagnostic.event_id = ? AND MKB.DiagId LIKE 'C%'  {"params":[174802],"types":[]} []
[2013-06-17 19:05:07] application.DEBUG: SELECT Action.id FROM Action  JOIN ActionType ON Action.actionType_id = ActionType.id  WHERE Action.event_id = ?  AND Action.endDate IS NULL {"params":[174802],"types":[]} []
[2013-06-17 19:05:58] application.INFO: > GET /api/v1/appeals/174802/docs4closing?callback=jQuery18204719867371022701_1371475003845&_=1371475013923 [] []
[2013-06-17 19:05:58] application.DEBUG: SELECT f.code,f.name FROM Event as e JOIN EventType as et ON e.eventType_id = et.id JOIN rbFinance as f ON et.finance_id = f.id WHERE e.id = ? LIMIT 1 {"params":[174802],"types":[]} []
[2013-06-17 19:05:58] application.DEBUG: SELECT ActionType.id FROM Action JOIN ActionType ON Action.actionType_id = ActionType.id WHERE Action.event_id = ? AND (ActionType.code = 4504 OR ActionType.code = 4507 OR ActionType.code = 4511) AND ActionType.mnem = 'EPI'  {"params":[174802],"types":[]} []
[2013-06-17 19:05:58] application.DEBUG: SELECT Action.id FROM Action JOIN ActionType ON Action.actionType_id = ActionType.id WHERE Action.event_id = ? AND ActionType.flatCode = 'leaved' AND ActionType.mnem = 'ORD'  {"params":[174802],"types":[]} []
[2013-06-17 19:05:58] application.DEBUG: SELECT Diagnostic.id FROM Diagnostic JOIN Diagnosis ON Diagnosis.id = Diagnostic.diagnosis_id JOIN MKB ON Diagnosis.MKB = MKB.DiagID WHERE Diagnostic.event_id = ? AND MKB.DiagId LIKE 'C%'  {"params":[174802],"types":[]} []
[2013-06-17 19:05:58] application.DEBUG: SELECT Action.id FROM Action  JOIN ActionType ON Action.actionType_id = ActionType.id  WHERE Action.event_id = ?  AND Action.endDate IS NULL {"params":[174802],"types":[]} []
[2013-06-17 19:05:58] application.INFO: < 200 [] []
